<?xml version="1.0" encoding="UTF-8"?>
<testng-results skipped="0" failed="0" ignored="0" total="2" passed="2">
  <reporter-output>
  </reporter-output>
  <suite name="Suite" duration-ms="175558" started-at="2020-01-19T15:30:24 IST" finished-at="2020-01-19T15:33:19 IST">
    <groups>
      <group name="cucumber">
        <method signature="TestRunner.feature(cucumber.api.testng.CucumberFeatureWrapper)[pri:0, instance:MyRunner.TestRunner@52feb982]" name="feature" class="MyRunner.TestRunner"/>
      </group> <!-- cucumber -->
    </groups>
    <test name="Test" duration-ms="175558" started-at="2020-01-19T15:30:24 IST" finished-at="2020-01-19T15:33:19 IST">
      <class name="MyRunner.TestRunner">
        <test-method status="PASS" signature="setUpClass()[pri:0, instance:MyRunner.TestRunner@52feb982]" name="setUpClass" is-config="true" duration-ms="765" started-at="2020-01-19T15:30:24 IST" finished-at="2020-01-19T15:30:24 IST">
          <reporter-output>
          </reporter-output>
        </test-method> <!-- setUpClass -->
        <test-method status="PASS" signature="feature(cucumber.api.testng.CucumberFeatureWrapper)[pri:0, instance:MyRunner.TestRunner@52feb982]" name="feature" duration-ms="100216" started-at="2020-01-19T15:30:25 IST" description="Runs Cucumber Feature" data-provider="Features" finished-at="2020-01-19T15:32:05 IST">
          <params>
            <param index="0">
              <value>
                <![CDATA[sharekhan website test]]>
              </value>
            </param>
          </params>
          <reporter-output>
          </reporter-output>
        </test-method> <!-- feature -->
        <test-method status="PASS" signature="feature(cucumber.api.testng.CucumberFeatureWrapper)[pri:0, instance:MyRunner.TestRunner@52feb982]" name="feature" duration-ms="73229" started-at="2020-01-19T15:32:05 IST" description="Runs Cucumber Feature" data-provider="Features" finished-at="2020-01-19T15:33:18 IST">
          <params>
            <param index="0">
              <value>
                <![CDATA[sharekhan website test]]>
              </value>
            </param>
          </params>
          <reporter-output>
          </reporter-output>
        </test-method> <!-- feature -->
        <test-method status="PASS" signature="tearDownClass()[pri:0, instance:MyRunner.TestRunner@52feb982]" name="tearDownClass" is-config="true" duration-ms="857" started-at="2020-01-19T15:33:18 IST" finished-at="2020-01-19T15:33:19 IST">
          <reporter-output>
          </reporter-output>
        </test-method> <!-- tearDownClass -->
      </class> <!-- MyRunner.TestRunner -->
    </test> <!-- Test -->
  </suite> <!-- Suite -->
</testng-results>
